[0523/193831.649:ERROR:icu_util.cc(179)] Invalid file descriptor to ICU data received.
[0523/193831.650:FATAL:icu_util.cc(311)] Check failed: result. 
Backtrace:
	GetHandleVerifier [0x00007FFE35F9D245+173093]
	GetHandleVerifier [0x00007FFE35FA23A3+193923]
	QWebEngineUrlSchemeHandler::qt_static_metacall [0x00007FFE35F3B13B+84763]
	QWebEngineHttpRequest::swap [0x00007FFE362B2083+2752275]
	QtWebEngineCore::FaviconManager::qt_metacast [0x00007FFE35F00007+14905303]
	QtWebEngineCore::WebContentsAdapter::webContents [0x00007FFE350B2245+21493]
	QtWebEngineCore::WebContentsAdapter::webContents [0x00007FFE350B2663+22547]
	QtWebEngineCore::BrowserContextAdapter::BrowserContextAdapter [0x00007FFE3505B418+248]
	QWebEnginePage::zoomFactor [0x00007FFEAC10BCB8+280]
	QWebEngineProfile::QWebEngineProfile [0x00007FFEAC10BF3E+62]
	TableauWebEnginePage::TableauWebEnginePage [0x00007FFEABC134AB+87]
	VizClientWidget::showEvent [0x00007FFEABB5DEB9+117]
	WebEnginePageAllocator::NewPage [0x00007FFEABB5E271+129]
	WebEnginePageAllocator::EnsureMinPooledPages [0x00007FFEABB5E05B+47]
	Workspace::ValidatePublicWorkbook [0x00007FFE3B91B0AB+72023]
	MainWindow::GetCentralWidget [0x00007FFE3B7BD320+64]
	RecentFileList::SetNumberOfPinnedItems [0x00007FFE3B95DE10+123316]
	MainWindow::Initialize [0x00007FFE3B7BE9D8+268]
	TApplication::LaunchUI [0x00007FFE3B411E0F+939]
	TApplication::Startup [0x00007FFE3B413C78+1056]
	(No symbol) [0x00007FF70E303A66]
	telemetry::BaseLogger::warn [0x00007FF70E329FD4+78908]
	telemetry::BaseLogger::warn [0x00007FF70E3290AF+75031]
	BaseThreadInitThunk [0x00007FFEDC867BD4+20]
	RtlUserThreadStart [0x00007FFEDDDACE51+33]

[0523/193908.972:ERROR:icu_util.cc(179)] Invalid file descriptor to ICU data received.
[0523/193908.972:FATAL:icu_util.cc(311)] Check failed: result. 
Backtrace:
	GetHandleVerifier [0x00007FFE363DD245+173093]
	GetHandleVerifier [0x00007FFE363E23A3+193923]
	QWebEngineUrlSchemeHandler::qt_static_metacall [0x00007FFE3637B13B+84763]
	QWebEngineHttpRequest::swap [0x00007FFE366F2083+2752275]
	QtWebEngineCore::FaviconManager::qt_metacast [0x00007FFE36340007+14905303]
	QtWebEngineCore::WebContentsAdapter::webContents [0x00007FFE354F2245+21493]
	QtWebEngineCore::WebContentsAdapter::webContents [0x00007FFE354F2663+22547]
	QtWebEngineCore::BrowserContextAdapter::BrowserContextAdapter [0x00007FFE3549B418+248]
	QWebEnginePage::zoomFactor [0x00007FFEAB85BCB8+280]
	QWebEngineProfile::QWebEngineProfile [0x00007FFEAB85BF3E+62]
	TableauWebEnginePage::TableauWebEnginePage [0x00007FFEABC134AB+87]
	VizClientWidget::showEvent [0x00007FFEABB5DEB9+117]
	WebEnginePageAllocator::NewPage [0x00007FFEABB5E271+129]
	WebEnginePageAllocator::EnsureMinPooledPages [0x00007FFEABB5E05B+47]
	Workspace::ValidatePublicWorkbook [0x00007FFE440EB0AB+72023]
	MainWindow::GetCentralWidget [0x00007FFE43F8D320+64]
	RecentFileList::SetNumberOfPinnedItems [0x00007FFE4412DE10+123316]
	MainWindow::Initialize [0x00007FFE43F8E9D8+268]
	TApplication::LaunchUI [0x00007FFE43BE1E0F+939]
	TApplication::Startup [0x00007FFE43BE3C78+1056]
	(No symbol) [0x00007FF70E303A66]
	telemetry::BaseLogger::warn [0x00007FF70E329FD4+78908]
	telemetry::BaseLogger::warn [0x00007FF70E3290AF+75031]
	BaseThreadInitThunk [0x00007FFEDC867BD4+20]
	RtlUserThreadStart [0x00007FFEDDDACE51+33]

